CRITICAL - 2025-06-06 09:41:05 --> Error: Class "App\Models\NewsModel" not found
[Method: GET, Route: news]
in APPPATH\Controllers\News.php on line 11.
 1 SYSTEMPATH\CodeIgniter.php(933): App\Controllers\News->index()
 2 SYSTEMPATH\CodeIgniter.php(507): CodeIgniter\CodeIgniter->runController(Object(App\Controllers\News))
 3 SYSTEMPATH\CodeIgniter.php(354): CodeIgniter\CodeIgniter->handleRequest(null, Object(Config\Cache), false)
 4 SYSTEMPATH\Boot.php(334): CodeIgniter\CodeIgniter->run()
 5 SYSTEMPATH\Boot.php(67): CodeIgniter\Boot::runCodeIgniter(Object(CodeIgniter\CodeIgniter))
 6 FCPATH\index.php(59): CodeIgniter\Boot::bootWeb(Object(Config\Paths))
CRITICAL - 2025-06-06 09:41:07 --> Error: Class "App\Models\NewsModel" not found
[Method: GET, Route: news]
in APPPATH\Controllers\News.php on line 11.
 1 SYSTEMPATH\CodeIgniter.php(933): App\Controllers\News->index()
 2 SYSTEMPATH\CodeIgniter.php(507): CodeIgniter\CodeIgniter->runController(Object(App\Controllers\News))
 3 SYSTEMPATH\CodeIgniter.php(354): CodeIgniter\CodeIgniter->handleRequest(null, Object(Config\Cache), false)
 4 SYSTEMPATH\Boot.php(334): CodeIgniter\CodeIgniter->run()
 5 SYSTEMPATH\Boot.php(67): CodeIgniter\Boot::runCodeIgniter(Object(CodeIgniter\CodeIgniter))
 6 FCPATH\index.php(59): CodeIgniter\Boot::bootWeb(Object(Config\Paths))
CRITICAL - 2025-06-06 09:43:39 --> Error: Class "App\Models\NewsModel" not found
[Method: GET, Route: news]
in APPPATH\Controllers\News.php on line 11.
 1 SYSTEMPATH\CodeIgniter.php(933): App\Controllers\News->index()
 2 SYSTEMPATH\CodeIgniter.php(507): CodeIgniter\CodeIgniter->runController(Object(App\Controllers\News))
 3 SYSTEMPATH\CodeIgniter.php(354): CodeIgniter\CodeIgniter->handleRequest(null, Object(Config\Cache), false)
 4 SYSTEMPATH\Boot.php(334): CodeIgniter\CodeIgniter->run()
 5 SYSTEMPATH\Boot.php(67): CodeIgniter\Boot::runCodeIgniter(Object(CodeIgniter\CodeIgniter))
 6 FCPATH\index.php(59): CodeIgniter\Boot::bootWeb(Object(Config\Paths))
CRITICAL - 2025-06-06 09:44:46 --> Error: Class "App\Models\NewsModel" not found
[Method: GET, Route: news]
in APPPATH\Controllers\News.php on line 11.
 1 SYSTEMPATH\CodeIgniter.php(933): App\Controllers\News->index()
 2 SYSTEMPATH\CodeIgniter.php(507): CodeIgniter\CodeIgniter->runController(Object(App\Controllers\News))
 3 SYSTEMPATH\CodeIgniter.php(354): CodeIgniter\CodeIgniter->handleRequest(null, Object(Config\Cache), false)
 4 SYSTEMPATH\Boot.php(334): CodeIgniter\CodeIgniter->run()
 5 SYSTEMPATH\Boot.php(67): CodeIgniter\Boot::runCodeIgniter(Object(CodeIgniter\CodeIgniter))
 6 FCPATH\index.php(59): CodeIgniter\Boot::bootWeb(Object(Config\Paths))
CRITICAL - 2025-06-06 09:44:48 --> Error: Class "App\Models\NewsModel" not found
[Method: GET, Route: news]
in APPPATH\Controllers\News.php on line 11.
 1 SYSTEMPATH\CodeIgniter.php(933): App\Controllers\News->index()
 2 SYSTEMPATH\CodeIgniter.php(507): CodeIgniter\CodeIgniter->runController(Object(App\Controllers\News))
 3 SYSTEMPATH\CodeIgniter.php(354): CodeIgniter\CodeIgniter->handleRequest(null, Object(Config\Cache), false)
 4 SYSTEMPATH\Boot.php(334): CodeIgniter\CodeIgniter->run()
 5 SYSTEMPATH\Boot.php(67): CodeIgniter\Boot::runCodeIgniter(Object(CodeIgniter\CodeIgniter))
 6 FCPATH\index.php(59): CodeIgniter\Boot::bootWeb(Object(Config\Paths))
CRITICAL - 2025-06-06 09:45:24 --> Error: Class "App\Models\NewsModel" not found
[Method: GET, Route: news]
in APPPATH\Controllers\News.php on line 11.
 1 SYSTEMPATH\CodeIgniter.php(933): App\Controllers\News->index()
 2 SYSTEMPATH\CodeIgniter.php(507): CodeIgniter\CodeIgniter->runController(Object(App\Controllers\News))
 3 SYSTEMPATH\CodeIgniter.php(354): CodeIgniter\CodeIgniter->handleRequest(null, Object(Config\Cache), false)
 4 SYSTEMPATH\Boot.php(334): CodeIgniter\CodeIgniter->run()
 5 SYSTEMPATH\Boot.php(67): CodeIgniter\Boot::runCodeIgniter(Object(CodeIgniter\CodeIgniter))
 6 FCPATH\index.php(59): CodeIgniter\Boot::bootWeb(Object(Config\Paths))
CRITICAL - 2025-06-06 09:45:25 --> Error: Class "App\Models\NewsModel" not found
[Method: GET, Route: news]
in APPPATH\Controllers\News.php on line 11.
 1 SYSTEMPATH\CodeIgniter.php(933): App\Controllers\News->index()
 2 SYSTEMPATH\CodeIgniter.php(507): CodeIgniter\CodeIgniter->runController(Object(App\Controllers\News))
 3 SYSTEMPATH\CodeIgniter.php(354): CodeIgniter\CodeIgniter->handleRequest(null, Object(Config\Cache), false)
 4 SYSTEMPATH\Boot.php(334): CodeIgniter\CodeIgniter->run()
 5 SYSTEMPATH\Boot.php(67): CodeIgniter\Boot::runCodeIgniter(Object(CodeIgniter\CodeIgniter))
 6 FCPATH\index.php(59): CodeIgniter\Boot::bootWeb(Object(Config\Paths))
CRITICAL - 2025-06-06 09:49:45 --> Error: Class "App\Models\NewsModel" not found
[Method: GET, Route: news]
in APPPATH\Controllers\News.php on line 13.
 1 SYSTEMPATH\CodeIgniter.php(933): App\Controllers\News->index()
 2 SYSTEMPATH\CodeIgniter.php(507): CodeIgniter\CodeIgniter->runController(Object(App\Controllers\News))
 3 SYSTEMPATH\CodeIgniter.php(354): CodeIgniter\CodeIgniter->handleRequest(null, Object(Config\Cache), false)
 4 SYSTEMPATH\Boot.php(334): CodeIgniter\CodeIgniter->run()
 5 SYSTEMPATH\Boot.php(67): CodeIgniter\Boot::runCodeIgniter(Object(CodeIgniter\CodeIgniter))
 6 FCPATH\index.php(59): CodeIgniter\Boot::bootWeb(Object(Config\Paths))
CRITICAL - 2025-06-06 09:49:47 --> Error: Class "App\Models\NewsModel" not found
[Method: GET, Route: news]
in APPPATH\Controllers\News.php on line 13.
 1 SYSTEMPATH\CodeIgniter.php(933): App\Controllers\News->index()
 2 SYSTEMPATH\CodeIgniter.php(507): CodeIgniter\CodeIgniter->runController(Object(App\Controllers\News))
 3 SYSTEMPATH\CodeIgniter.php(354): CodeIgniter\CodeIgniter->handleRequest(null, Object(Config\Cache), false)
 4 SYSTEMPATH\Boot.php(334): CodeIgniter\CodeIgniter->run()
 5 SYSTEMPATH\Boot.php(67): CodeIgniter\Boot::runCodeIgniter(Object(CodeIgniter\CodeIgniter))
 6 FCPATH\index.php(59): CodeIgniter\Boot::bootWeb(Object(Config\Paths))
CRITICAL - 2025-06-06 09:49:52 --> Error: Class "App\Models\NewsModel" not found
[Method: GET, Route: news]
in APPPATH\Controllers\News.php on line 13.
 1 SYSTEMPATH\CodeIgniter.php(933): App\Controllers\News->index()
 2 SYSTEMPATH\CodeIgniter.php(507): CodeIgniter\CodeIgniter->runController(Object(App\Controllers\News))
 3 SYSTEMPATH\CodeIgniter.php(354): CodeIgniter\CodeIgniter->handleRequest(null, Object(Config\Cache), false)
 4 SYSTEMPATH\Boot.php(334): CodeIgniter\CodeIgniter->run()
 5 SYSTEMPATH\Boot.php(67): CodeIgniter\Boot::runCodeIgniter(Object(CodeIgniter\CodeIgniter))
 6 FCPATH\index.php(59): CodeIgniter\Boot::bootWeb(Object(Config\Paths))
CRITICAL - 2025-06-06 09:51:21 --> Error: Class "App\Models\NewsModel" not found
[Method: GET, Route: news]
in APPPATH\Controllers\News.php on line 11.
 1 SYSTEMPATH\CodeIgniter.php(933): App\Controllers\News->index()
 2 SYSTEMPATH\CodeIgniter.php(507): CodeIgniter\CodeIgniter->runController(Object(App\Controllers\News))
 3 SYSTEMPATH\CodeIgniter.php(354): CodeIgniter\CodeIgniter->handleRequest(null, Object(Config\Cache), false)
 4 SYSTEMPATH\Boot.php(334): CodeIgniter\CodeIgniter->run()
 5 SYSTEMPATH\Boot.php(67): CodeIgniter\Boot::runCodeIgniter(Object(CodeIgniter\CodeIgniter))
 6 FCPATH\index.php(59): CodeIgniter\Boot::bootWeb(Object(Config\Paths))
CRITICAL - 2025-06-06 09:52:12 --> Error: Class "App\Models\NewsModel" not found
[Method: GET, Route: news]
in APPPATH\Controllers\News.php on line 11.
 1 SYSTEMPATH\CodeIgniter.php(933): App\Controllers\News->index()
 2 SYSTEMPATH\CodeIgniter.php(507): CodeIgniter\CodeIgniter->runController(Object(App\Controllers\News))
 3 SYSTEMPATH\CodeIgniter.php(354): CodeIgniter\CodeIgniter->handleRequest(null, Object(Config\Cache), false)
 4 SYSTEMPATH\Boot.php(334): CodeIgniter\CodeIgniter->run()
 5 SYSTEMPATH\Boot.php(67): CodeIgniter\Boot::runCodeIgniter(Object(CodeIgniter\CodeIgniter))
 6 FCPATH\index.php(59): CodeIgniter\Boot::bootWeb(Object(Config\Paths))
CRITICAL - 2025-06-06 09:54:10 --> Error: Class "App\Models\NewsModel" not found
[Method: GET, Route: news]
in APPPATH\Controllers\News.php on line 11.
 1 SYSTEMPATH\CodeIgniter.php(933): App\Controllers\News->index()
 2 SYSTEMPATH\CodeIgniter.php(507): CodeIgniter\CodeIgniter->runController(Object(App\Controllers\News))
 3 SYSTEMPATH\CodeIgniter.php(354): CodeIgniter\CodeIgniter->handleRequest(null, Object(Config\Cache), false)
 4 SYSTEMPATH\Boot.php(334): CodeIgniter\CodeIgniter->run()
 5 SYSTEMPATH\Boot.php(67): CodeIgniter\Boot::runCodeIgniter(Object(CodeIgniter\CodeIgniter))
 6 FCPATH\index.php(59): CodeIgniter\Boot::bootWeb(Object(Config\Paths))
CRITICAL - 2025-06-06 09:54:11 --> Error: Class "App\Models\NewsModel" not found
[Method: GET, Route: news]
in APPPATH\Controllers\News.php on line 11.
 1 SYSTEMPATH\CodeIgniter.php(933): App\Controllers\News->index()
 2 SYSTEMPATH\CodeIgniter.php(507): CodeIgniter\CodeIgniter->runController(Object(App\Controllers\News))
 3 SYSTEMPATH\CodeIgniter.php(354): CodeIgniter\CodeIgniter->handleRequest(null, Object(Config\Cache), false)
 4 SYSTEMPATH\Boot.php(334): CodeIgniter\CodeIgniter->run()
 5 SYSTEMPATH\Boot.php(67): CodeIgniter\Boot::runCodeIgniter(Object(CodeIgniter\CodeIgniter))
 6 FCPATH\index.php(59): CodeIgniter\Boot::bootWeb(Object(Config\Paths))
ERROR - 2025-06-06 09:59:57 --> Error connecting to the database: mysqli_sql_exception: Access denied for user ''@'localhost' (using password: NO) in C:\xampp\htdocs\cleverdemand\system\Database\MySQLi\Connection.php:201
Stack trace:
#0 C:\xampp\htdocs\cleverdemand\system\Database\MySQLi\Connection.php(201): mysqli->real_connect('localhost', '', Object(SensitiveParameterValue), '', 3306, '', 0)
#1 C:\xampp\htdocs\cleverdemand\system\Database\BaseConnection.php(421): CodeIgniter\Database\MySQLi\Connection->connect(false)
#2 C:\xampp\htdocs\cleverdemand\system\Database\BaseConnection.php(620): CodeIgniter\Database\BaseConnection->initialize()
#3 C:\xampp\htdocs\cleverdemand\system\Database\BaseBuilder.php(1649): CodeIgniter\Database\BaseConnection->query('SELECT *\nFROM `...', Array, false)
#4 C:\xampp\htdocs\cleverdemand\app\Models\NewsModel.php(27): CodeIgniter\Database\BaseBuilder->get()
#5 C:\xampp\htdocs\cleverdemand\app\Controllers\News.php(20): App\Models\NewsModel->getNews(NULL, NULL)
#6 C:\xampp\htdocs\cleverdemand\system\CodeIgniter.php(933): App\Controllers\News->index()
#7 C:\xampp\htdocs\cleverdemand\system\CodeIgniter.php(507): CodeIgniter\CodeIgniter->runController(Object(App\Controllers\News))
#8 C:\xampp\htdocs\cleverdemand\system\CodeIgniter.php(354): CodeIgniter\CodeIgniter->handleRequest(NULL, Object(Config\Cache), false)
#9 C:\xampp\htdocs\cleverdemand\system\Boot.php(334): CodeIgniter\CodeIgniter->run()
#10 C:\xampp\htdocs\cleverdemand\system\Boot.php(67): CodeIgniter\Boot::runCodeIgniter(Object(CodeIgniter\CodeIgniter))
#11 C:\xampp\htdocs\cleverdemand\index.php(59): CodeIgniter\Boot::bootWeb(Object(Config\Paths))
#12 {main}

Next CodeIgniter\Database\Exceptions\DatabaseException: Access denied for user ''@'localhost' (using password: NO) in C:\xampp\htdocs\cleverdemand\system\Database\MySQLi\Connection.php:246
Stack trace:
#0 C:\xampp\htdocs\cleverdemand\system\Database\BaseConnection.php(421): CodeIgniter\Database\MySQLi\Connection->connect(false)
#1 C:\xampp\htdocs\cleverdemand\system\Database\BaseConnection.php(620): CodeIgniter\Database\BaseConnection->initialize()
#2 C:\xampp\htdocs\cleverdemand\system\Database\BaseBuilder.php(1649): CodeIgniter\Database\BaseConnection->query('SELECT *\nFROM `...', Array, false)
#3 C:\xampp\htdocs\cleverdemand\app\Models\NewsModel.php(27): CodeIgniter\Database\BaseBuilder->get()
#4 C:\xampp\htdocs\cleverdemand\app\Controllers\News.php(20): App\Models\NewsModel->getNews(NULL, NULL)
#5 C:\xampp\htdocs\cleverdemand\system\CodeIgniter.php(933): App\Controllers\News->index()
#6 C:\xampp\htdocs\cleverdemand\system\CodeIgniter.php(507): CodeIgniter\CodeIgniter->runController(Object(App\Controllers\News))
#7 C:\xampp\htdocs\cleverdemand\system\CodeIgniter.php(354): CodeIgniter\CodeIgniter->handleRequest(NULL, Object(Config\Cache), false)
#8 C:\xampp\htdocs\cleverdemand\system\Boot.php(334): CodeIgniter\CodeIgniter->run()
#9 C:\xampp\htdocs\cleverdemand\system\Boot.php(67): CodeIgniter\Boot::runCodeIgniter(Object(CodeIgniter\CodeIgniter))
#10 C:\xampp\htdocs\cleverdemand\index.php(59): CodeIgniter\Boot::bootWeb(Object(Config\Paths))
#11 {main}
CRITICAL - 2025-06-06 09:59:57 --> CodeIgniter\Database\Exceptions\DatabaseException: Unable to connect to the database.
Main connection [MySQLi]: Access denied for user ''@'localhost' (using password: NO)
[Method: GET, Route: news]
in SYSTEMPATH\Database\BaseConnection.php on line 467.
 1 SYSTEMPATH\Database\BaseConnection.php(620): CodeIgniter\Database\BaseConnection->initialize()
 2 SYSTEMPATH\Database\BaseBuilder.php(1649): CodeIgniter\Database\BaseConnection->query('SELECT *
FROM `news`
ORDER BY `date` DESC', [], false)
 3 APPPATH\Models\NewsModel.php(27): CodeIgniter\Database\BaseBuilder->get()
 4 APPPATH\Controllers\News.php(20): App\Models\NewsModel->getNews(null, null)
 5 SYSTEMPATH\CodeIgniter.php(933): App\Controllers\News->index()
 6 SYSTEMPATH\CodeIgniter.php(507): CodeIgniter\CodeIgniter->runController(Object(App\Controllers\News))
 7 SYSTEMPATH\CodeIgniter.php(354): CodeIgniter\CodeIgniter->handleRequest(null, Object(Config\Cache), false)
 8 SYSTEMPATH\Boot.php(334): CodeIgniter\CodeIgniter->run()
 9 SYSTEMPATH\Boot.php(67): CodeIgniter\Boot::runCodeIgniter(Object(CodeIgniter\CodeIgniter))
10 FCPATH\index.php(59): CodeIgniter\Boot::bootWeb(Object(Config\Paths))
ERROR - 2025-06-06 10:03:22 --> Error connecting to the database: mysqli_sql_exception: Access denied for user ''@'localhost' (using password: NO) in C:\xampp\htdocs\cleverdemand\system\Database\MySQLi\Connection.php:201
Stack trace:
#0 C:\xampp\htdocs\cleverdemand\system\Database\MySQLi\Connection.php(201): mysqli->real_connect('localhost', '', Object(SensitiveParameterValue), 'cleverdemand', 3306, '', 0)
#1 C:\xampp\htdocs\cleverdemand\system\Database\BaseConnection.php(421): CodeIgniter\Database\MySQLi\Connection->connect(false)
#2 C:\xampp\htdocs\cleverdemand\system\Database\BaseConnection.php(620): CodeIgniter\Database\BaseConnection->initialize()
#3 C:\xampp\htdocs\cleverdemand\system\Database\BaseBuilder.php(1649): CodeIgniter\Database\BaseConnection->query('SELECT *\nFROM `...', Array, false)
#4 C:\xampp\htdocs\cleverdemand\app\Models\NewsModel.php(27): CodeIgniter\Database\BaseBuilder->get()
#5 C:\xampp\htdocs\cleverdemand\app\Controllers\News.php(20): App\Models\NewsModel->getNews(NULL, NULL)
#6 C:\xampp\htdocs\cleverdemand\system\CodeIgniter.php(933): App\Controllers\News->index()
#7 C:\xampp\htdocs\cleverdemand\system\CodeIgniter.php(507): CodeIgniter\CodeIgniter->runController(Object(App\Controllers\News))
#8 C:\xampp\htdocs\cleverdemand\system\CodeIgniter.php(354): CodeIgniter\CodeIgniter->handleRequest(NULL, Object(Config\Cache), false)
#9 C:\xampp\htdocs\cleverdemand\system\Boot.php(334): CodeIgniter\CodeIgniter->run()
#10 C:\xampp\htdocs\cleverdemand\system\Boot.php(67): CodeIgniter\Boot::runCodeIgniter(Object(CodeIgniter\CodeIgniter))
#11 C:\xampp\htdocs\cleverdemand\index.php(59): CodeIgniter\Boot::bootWeb(Object(Config\Paths))
#12 {main}

Next CodeIgniter\Database\Exceptions\DatabaseException: Access denied for user ''@'localhost' (using password: NO) in C:\xampp\htdocs\cleverdemand\system\Database\MySQLi\Connection.php:246
Stack trace:
#0 C:\xampp\htdocs\cleverdemand\system\Database\BaseConnection.php(421): CodeIgniter\Database\MySQLi\Connection->connect(false)
#1 C:\xampp\htdocs\cleverdemand\system\Database\BaseConnection.php(620): CodeIgniter\Database\BaseConnection->initialize()
#2 C:\xampp\htdocs\cleverdemand\system\Database\BaseBuilder.php(1649): CodeIgniter\Database\BaseConnection->query('SELECT *\nFROM `...', Array, false)
#3 C:\xampp\htdocs\cleverdemand\app\Models\NewsModel.php(27): CodeIgniter\Database\BaseBuilder->get()
#4 C:\xampp\htdocs\cleverdemand\app\Controllers\News.php(20): App\Models\NewsModel->getNews(NULL, NULL)
#5 C:\xampp\htdocs\cleverdemand\system\CodeIgniter.php(933): App\Controllers\News->index()
#6 C:\xampp\htdocs\cleverdemand\system\CodeIgniter.php(507): CodeIgniter\CodeIgniter->runController(Object(App\Controllers\News))
#7 C:\xampp\htdocs\cleverdemand\system\CodeIgniter.php(354): CodeIgniter\CodeIgniter->handleRequest(NULL, Object(Config\Cache), false)
#8 C:\xampp\htdocs\cleverdemand\system\Boot.php(334): CodeIgniter\CodeIgniter->run()
#9 C:\xampp\htdocs\cleverdemand\system\Boot.php(67): CodeIgniter\Boot::runCodeIgniter(Object(CodeIgniter\CodeIgniter))
#10 C:\xampp\htdocs\cleverdemand\index.php(59): CodeIgniter\Boot::bootWeb(Object(Config\Paths))
#11 {main}
CRITICAL - 2025-06-06 10:03:22 --> CodeIgniter\Database\Exceptions\DatabaseException: Unable to connect to the database.
Main connection [MySQLi]: Access denied for user ''@'localhost' (using password: NO)
[Method: GET, Route: news]
in SYSTEMPATH\Database\BaseConnection.php on line 467.
 1 SYSTEMPATH\Database\BaseConnection.php(620): CodeIgniter\Database\BaseConnection->initialize()
 2 SYSTEMPATH\Database\BaseBuilder.php(1649): CodeIgniter\Database\BaseConnection->query('SELECT *
FROM `news`
ORDER BY `date` DESC', [], false)
 3 APPPATH\Models\NewsModel.php(27): CodeIgniter\Database\BaseBuilder->get()
 4 APPPATH\Controllers\News.php(20): App\Models\NewsModel->getNews(null, null)
 5 SYSTEMPATH\CodeIgniter.php(933): App\Controllers\News->index()
 6 SYSTEMPATH\CodeIgniter.php(507): CodeIgniter\CodeIgniter->runController(Object(App\Controllers\News))
 7 SYSTEMPATH\CodeIgniter.php(354): CodeIgniter\CodeIgniter->handleRequest(null, Object(Config\Cache), false)
 8 SYSTEMPATH\Boot.php(334): CodeIgniter\CodeIgniter->run()
 9 SYSTEMPATH\Boot.php(67): CodeIgniter\Boot::runCodeIgniter(Object(CodeIgniter\CodeIgniter))
10 FCPATH\index.php(59): CodeIgniter\Boot::bootWeb(Object(Config\Paths))
CRITICAL - 2025-06-06 10:03:56 --> ErrorException: Constant expression contains invalid operations
[Method: GET, Route: news]
in APPPATH\Config\Database.php on line 27.
 1 [internal function]: CodeIgniter\Debug\Exceptions->shutdownHandler()
CRITICAL - 2025-06-06 10:09:23 --> ErrorException: Constant expression contains invalid operations
[Method: GET, Route: news]
in APPPATH\Config\Database.php on line 27.
 1 [internal function]: CodeIgniter\Debug\Exceptions->shutdownHandler()
CRITICAL - 2025-06-06 10:09:24 --> ErrorException: Constant expression contains invalid operations
[Method: GET, Route: news]
in APPPATH\Config\Database.php on line 27.
 1 [internal function]: CodeIgniter\Debug\Exceptions->shutdownHandler()
CRITICAL - 2025-06-06 10:09:31 --> ErrorException: Constant expression contains invalid operations
[Method: GET, Route: news]
in APPPATH\Config\Database.php on line 27.
 1 [internal function]: CodeIgniter\Debug\Exceptions->shutdownHandler()
CRITICAL - 2025-06-06 10:10:26 --> ErrorException: Constant expression contains invalid operations
[Method: GET, Route: news]
in APPPATH\Config\Database.php on line 27.
 1 [internal function]: CodeIgniter\Debug\Exceptions->shutdownHandler()
CRITICAL - 2025-06-06 10:10:28 --> ErrorException: Constant expression contains invalid operations
[Method: GET, Route: news]
in APPPATH\Config\Database.php on line 27.
 1 [internal function]: CodeIgniter\Debug\Exceptions->shutdownHandler()
CRITICAL - 2025-06-06 10:14:33 --> ErrorException: Constant expression contains invalid operations
[Method: GET, Route: news]
in APPPATH\Config\Database.php on line 27.
 1 [internal function]: CodeIgniter\Debug\Exceptions->shutdownHandler()
CRITICAL - 2025-06-06 10:14:43 --> ErrorException: Constant expression contains invalid operations
[Method: GET, Route: news]
in APPPATH\Config\Database.php on line 27.
 1 [internal function]: CodeIgniter\Debug\Exceptions->shutdownHandler()
CRITICAL - 2025-06-06 10:14:46 --> ErrorException: Constant expression contains invalid operations
[Method: GET, Route: news]
in APPPATH\Config\Database.php on line 27.
 1 [internal function]: CodeIgniter\Debug\Exceptions->shutdownHandler()
CRITICAL - 2025-06-06 10:15:00 --> ErrorException: Constant expression contains invalid operations
[Method: GET, Route: news]
in APPPATH\Config\Database.php on line 27.
 1 [internal function]: CodeIgniter\Debug\Exceptions->shutdownHandler()
CRITICAL - 2025-06-06 10:15:09 --> ErrorException: Constant expression contains invalid operations
[Method: GET, Route: news]
in APPPATH\Config\Database.php on line 27.
 1 [internal function]: CodeIgniter\Debug\Exceptions->shutdownHandler()
CRITICAL - 2025-06-06 10:27:52 --> ErrorException: Cannot use positional argument after named argument
[Method: GET, Route: login_view]
in APPPATH\Config\Routes.php on line 21.
 1 [internal function]: CodeIgniter\Debug\Exceptions->shutdownHandler()
